# Time   mAh   V      A     TempE TempI C1    C2    C3    C4    C5    C6
  0.2    456   6.232 0.300 34    35    0.000 63.745 12.545 13.313 8.961 11.777
  0.3    456   6.232 0.300 34    35    0.000 63.745 12.545 13.313 8.961 11.777
  0.5    456   6.232 0.300 34    35    0.000 63.745 12.545 13.313 8.961 11.777
  0.6    456   6.232 0.300 35    35    0.000 63.745 12.545 13.313 8.961 11.777
  0.8    456   6.232 0.300 35    35    0.000 63.745 12.545 13.313 8.961 11.777
  1.0    456   6.232 0.300 35    35    0.000 63.745 12.545 13.313 8.961 11.777
  1.1    456   6.232 0.300 35    35    0.000 63.745 12.545 13.313 8.961 11.777
  1.3    456   6.232 0.300 35    35    0.000 63.745 12.545 13.313 8.961 11.777
  1.4    456   6.232 0.300 35    35    0.000 63.745 12.545 13.313 8.961 11.777
  1.6    456   6.232 0.300 34    35    0.000 63.745 12.545 13.313 8.961 11.777
  1.8    456   6.232 0.300 34    35    0.000 63.745 12.545 13.313 8.961 11.777
  1.9    456   6.232 0.300 34    35    0.000 63.745 12.545 13.313 8.961 11.777
  2.1    456   6.232 0.289 34    35    0.000 63.745 12.545 13.313 8.961 11.777
  2.2    456   6.232 0.289 34    35    0.000 63.745 12.545 13.313 8.961 11.777
  2.4    456   6.232 0.289 34    35    0.000 63.745 12.545 13.313 8.961 11.777
  2.6    456   6.232 0.289 34    35    0.000 63.745 12.545 13.313 8.961 11.777
  2.7    456   6.232 0.289 34    35    0.000 63.745 12.545 13.313 8.961 11.777
  2.9    456   6.232 0.289 34    35    0.000 63.745 12.545 13.313 8.961 11.777
  3.0    456   6.232 0.303 34    35    0.000 63.745 12.545 13.313 8.961 11.777
  3.2    456   6.232 0.303 34    35    0.000 63.745 12.545 13.313 8.961 11.777
  3.4    456   6.232 0.303 34    35    0.000 63.745 12.545 13.313 8.961 11.777
  3.5    456   6.232 0.303 34    35    0.000 63.745 12.545 13.313 8.961 11.777
  3.7    456   6.232 0.303 34    35    0.000 63.745 12.545 13.313 8.961 11.777
  3.8    456   6.232 0.303 34    35    0.000 63.745 12.545 13.313 8.961 11.777
  4.0    456   6.232 0.303 34    35    0.000 63.745 12.545 13.313 8.961 11.777
  4.2    456   6.232 0.300 34    35    0.000 63.745 12.545 13.313 8.961 11.777
  4.3    456   6.232 0.300 34    35    0.000 63.745 12.545 13.313 8.961 11.777
  4.5    456   6.232 0.300 34    35    0.000 63.745 12.545 13.313 8.961 11.777
  4.6    456   6.232 0.300 34    35    0.000 63.745 12.545 13.313 8.961 11.777
  4.8    456   6.232 0.300 34    35    0.000 63.745 12.545 13.313 8.961 11.777
  5.0    456   6.232 0.300 34    35    0.000 63.745 12.545 13.313 8.961 11.777
  5.1    457   6.232 0.303 34    35    0.000 63.745 12.545 13.313 8.961 11.777
  5.3    457   6.232 0.303 34    35    0.000 63.745 12.545 13.313 8.961 11.777
  5.4    457   6.232 0.303 34    35    0.000 63.745 12.545 13.313 8.961 11.777
  5.6    457   6.232 0.303 34    35    0.000 63.745 12.545 13.313 8.961 11.777
  5.8    457   6.232 0.303 34    35    0.000 63.745 12.545 13.313 8.961 11.777
  5.9    457   6.232 0.303 34    35    0.000 63.745 12.545 13.313 8.961 11.777
  6.1    457   6.232 0.300 34    35    0.000 63.745 12.545 13.313 8.961 11.777
  6.2    457   6.232 0.300 34    35    0.000 63.745 12.545 13.313 8.961 11.777
  6.4    457   6.232 0.300 34    35    0.000 63.745 12.545 13.313 8.961 11.777
  6.6    457   6.232 0.300 34    35    0.000 63.745 12.545 13.313 8.961 11.777
  6.7    457   6.232 0.300 34    35    0.000 63.745 12.545 13.313 8.961 11.777
  6.9    457   6.232 0.300 34    35    0.000 63.745 12.545 13.313 8.961 11.777
  7.0    457   6.232 0.295 34    35    0.000 63.745 12.545 13.313 8.961 11.777
  7.2    457   6.232 0.295 34    35    0.000 63.745 12.545 13.313 8.961 11.777
  7.4    457   6.232 0.295 34    35    0.000 63.745 12.545 13.313 8.961 11.777
  7.5    457   6.232 0.295 35    35    0.000 63.745 12.545 13.313 8.961 11.777
  7.7    457   6.232 0.295 35    35    0.000 63.745 12.545 13.313 8.961 11.777
  7.8    457   6.232 0.295 35    35    0.000 63.745 12.545 13.313 8.961 11.777
  8.0    457   6.232 0.295 35    35    0.000 63.745 12.545 13.313 8.961 11.777
  8.2    457   6.232 0.300 35    35    0.000 63.745 12.545 13.313 8.961 11.777
  8.3    457   6.232 0.300 35    35    0.000 63.745 12.545 13.313 8.961 11.777
  8.5    457   6.232 0.300 35    35    0.000 63.745 12.545 13.313 8.961 11.777
  8.6    457   6.232 0.300 35    35    0.000 63.745 12.545 13.313 8.961 11.777
  8.8    457   6.232 0.300 35    35    0.000 63.745 12.545 13.313 8.961 11.777
  9.0    457   6.232 0.300 35    35    0.000 63.745 12.545 13.313 8.961 11.777
  9.1    457   6.232 0.295 35    35    0.000 63.745 12.545 13.313 8.961 11.777
  9.3    457   6.232 0.295 35    35    0.000 63.745 12.545 13.313 8.961 11.777
  9.4    457   6.232 0.295 35    35    0.000 63.745 12.545 13.313 8.961 11.777
  9.6    457   6.232 0.295 34    35    0.000 63.745 12.545 13.313 8.961 11.777
  9.8    457   6.232 0.295 34    35    0.000 63.745 12.545 13.313 8.961 11.777
  9.9    457   6.232 0.295 34    35    0.000 63.745 12.545 13.313 8.961 11.777
  10.1   457   6.232 0.298 34    35    0.000 63.745 12.545 13.313 8.961 11.777
  10.2   457   6.232 0.298 34    35    0.000 63.745 12.545 13.313 8.961 11.777
  10.4   457   6.232 0.298 34    35    0.000 63.745 12.545 13.313 8.961 11.777
  10.6   457   6.232 0.298 34    35    0.000 63.745 12.545 13.313 8.961 11.777
  10.7   457   6.232 0.298 34    35    0.000 63.745 12.545 13.313 8.961 11.777
  10.9   457   6.232 0.298 34    35    0.000 63.745 12.545 13.313 8.961 11.777
  11.0   457   6.232 0.295 34    35    0.000 63.745 12.545 13.313 8.961 11.777
  11.2   457   6.232 0.295 34    35    0.000 63.745 12.545 13.313 8.961 11.777
  11.4   457   6.232 0.295 34    35    0.000 63.745 12.545 13.313 8.961 11.777
  11.5   457   6.232 0.295 34    35    0.000 63.745 12.545 13.313 8.961 11.777
  11.7   457   6.232 0.295 34    35    0.000 63.745 12.545 13.313 8.961 11.777
  11.8   457   6.232 0.295 34    35    0.000 63.745 12.545 13.313 8.961 11.777
  12.0   457   6.232 0.295 34    35    0.000 63.745 12.545 13.313 8.961 11.777
  12.2   457   6.233 0.000 34    35    0.000 63.745 12.545 13.313 8.961 11.777
  12.3   457   6.233 0.000 34    35    0.000 63.745 12.545 13.313 8.961 11.777
  12.5   457   6.233 0.000 34    35    0.000 63.745 12.545 13.313 8.961 11.777
  12.6   457   6.233 0.000 34    35    0.000 63.745 12.545 13.313 8.961 11.777
  12.8   457   6.233 0.000 34    35    0.000 63.745 12.545 13.313 8.961 11.777
  13.0   457   6.233 0.000 34    35    0.000 63.745 12.545 13.313 8.961 11.777
  13.1   457   6.233 0.000 34    35    0.000 63.745 12.545 13.313 8.961 11.777
  13.3   457   6.233 0.000 34    35    0.000 63.745 12.545 13.313 8.961 11.777
  13.4   457   6.233 0.000 34    35    0.000 63.745 12.545 13.313 8.961 11.777
  13.6   457   6.233 0.000 34    35    0.000 63.745 12.545 13.313 8.961 11.777
  13.8   457   6.233 0.000 34    35    0.000 63.745 12.545 13.313 8.961 11.777
  13.9   457   6.233 0.000 34    35    0.000 63.745 12.545 13.313 8.961 11.777
  14.1   457   6.233 0.300 34    35    0.000 63.745 12.545 13.313 8.961 11.777
  14.2   457   6.233 0.300 34    35    0.000 63.745 12.545 13.313 8.961 11.777
  14.4   457   6.233 0.300 34    35    0.000 63.745 12.545 13.313 8.961 11.777
  14.6   457   6.233 0.300 34    35    0.000 63.745 12.545 13.313 8.961 11.777
  14.7   457   6.233 0.300 34    35    0.000 63.745 12.545 13.313 8.961 11.777
  14.9   457   6.233 0.300 34    35    0.000 63.745 12.545 13.313 8.961 11.777
  15.0   457   6.233 0.300 34    35    0.000 63.745 12.545 13.313 8.961 11.777
  15.2   457   6.233 0.300 34    35    0.000 63.745 12.545 13.313 8.961 11.777
  15.4   457   6.233 0.300 34    35    0.000 63.745 12.545 13.313 8.961 11.777
  15.5   457   6.233 0.300 35    35    0.000 63.745 12.545 13.313 8.961 11.777
  15.7   457   6.233 0.300 35    35    0.000 63.745 12.545 13.313 8.961 11.777
  15.8   457   6.233 0.300 35    35    0.000 63.745 12.545 13.313 8.961 11.777
  16.0   457   6.233 0.300 35    35    0.000 63.745 12.545 13.313 8.961 11.777
  16.2   457   6.233 0.306 35    35    0.000 63.745 12.545 13.313 8.961 11.777
  16.3   457   6.233 0.306 35    35    0.000 63.745 12.545 13.313 8.961 11.777
  16.5   457   6.233 0.306 35    35    0.000 63.745 12.545 13.313 8.961 11.777
  16.6   457   6.233 0.306 35    35    0.000 63.745 12.545 13.313 8.961 11.777
  16.8   457   6.233 0.306 35    35    0.000 63.745 12.545 13.313 8.961 11.777
  17.0   457   6.233 0.306 35    35    0.000 63.745 12.545 13.313 8.961 11.777
  17.1   457   6.233 0.298 35    35    0.000 63.745 12.545 13.313 8.961 11.777
  17.3   457   6.233 0.298 35    35    0.000 63.745 12.545 13.313 8.961 11.777
  17.4   457   6.233 0.298 35    35    0.000 63.745 12.545 13.313 8.961 11.777
  17.6   457   6.233 0.298 34    35    0.000 63.745 12.545 13.313 8.961 11.777
  17.8   457   6.233 0.298 34    35    0.000 63.745 12.545 13.313 8.961 11.777
  17.9   457   6.233 0.298 34    35    0.000 63.745 12.545 13.313 8.961 11.777
  18.1   457   6.233 0.298 34    35    0.000 63.745 12.545 13.313 8.961 11.777
  18.2   457   6.233 0.298 34    35    0.000 63.745 12.545 13.313 8.961 11.777
  18.4   457   6.233 0.298 34    35    0.000 63.745 12.545 13.313 8.961 11.777
  18.6   457   6.233 0.298 34    35    0.000 63.745 12.545 13.313 8.961 11.777
  18.7   457   6.233 0.298 34    35    0.000 63.745 12.545 13.313 8.961 11.777
  18.9   457   6.233 0.298 34    35    0.000 63.745 12.545 13.313 8.961 11.777
  19.0   458   6.233 0.298 34    35    0.000 63.745 12.545 13.313 8.961 11.777
  19.2   458   6.233 0.298 34    35    0.000 63.745 12.545 13.313 8.961 11.777
  19.4   458   6.233 0.298 34    35    0.000 63.745 12.545 13.313 8.961 11.777
  19.5   458   6.233 0.298 35    35    0.000 63.745 12.545 13.313 8.961 11.777
  19.7   458   6.233 0.298 35    35    0.000 63.745 12.545 13.313 8.961 11.777
  19.8   458   6.233 0.298 35    35    0.000 63.745 12.545 13.313 8.961 11.777
  20.0   458   6.233 0.298 35    35    0.000 63.745 12.545 13.313 8.961 11.777
  20.2   458   6.233 0.306 35    35    0.000 63.745 12.545 13.313 8.961 11.777
  20.3   458   6.233 0.306 35    35    0.000 63.745 12.545 13.313 8.961 11.777
  20.5   458   6.233 0.306 35    35    0.000 63.745 12.545 13.313 8.961 11.777
  20.6   458   6.233 0.306 34    35    0.000 63.745 12.545 13.313 8.961 11.777
  20.8   458   6.233 0.306 34    35    0.000 63.745 12.545 13.313 8.961 11.777
  21.0   458   6.233 0.306 34    35    0.000 63.745 12.545 13.313 8.961 11.777
  21.1   458   6.233 0.298 34    35    0.000 63.745 12.545 13.313 8.961 11.777
  21.3   458   6.233 0.298 34    35    0.000 63.745 12.545 13.313 8.961 11.777
  21.4   458   6.233 0.298 34    35    0.000 63.745 12.545 13.313 8.961 11.777
  21.6   458   6.233 0.298 35    35    0.000 63.745 12.545 13.313 8.961 11.777
  21.8   458   6.233 0.298 35    35    0.000 63.745 12.545 13.313 8.961 11.777
  21.9   458   6.233 0.298 35    35    0.000 63.745 12.545 13.313 8.961 11.777
  22.1   458   6.233 0.300 35    35    0.000 63.745 12.545 13.313 8.961 11.777
  22.2   458   6.233 0.300 35    35    0.000 63.745 12.545 13.313 8.961 11.777
  22.4   458   6.233 0.300 35    35    0.000 63.745 12.545 13.313 8.961 11.777
  22.6   458   6.233 0.300 34    35    0.000 63.745 12.545 13.313 8.961 11.777
  22.7   458   6.233 0.300 34    35    0.000 63.745 12.545 13.313 8.961 11.777
  22.9   458   6.233 0.300 34    35    0.000 63.745 12.545 13.313 8.961 11.777
  23.0   458   6.233 0.303 34    35    0.000 63.745 12.545 13.313 8.961 11.777
  23.2   458   6.233 0.303 34    35    0.000 63.745 12.545 13.313 8.961 11.777
  23.4   458   6.233 0.303 34    35    0.000 63.745 12.545 13.313 8.961 11.777
  23.5   458   6.233 0.303 35    35    0.000 63.745 12.545 13.313 8.961 11.777
  23.7   458   6.233 0.303 35    35    0.000 63.745 12.545 13.313 8.961 11.777
  23.8   458   6.233 0.303 35    35    0.000 63.745 12.545 13.313 8.961 11.777
  24.0   458   6.233 0.303 35    35    0.000 63.745 12.545 13.313 8.961 11.777
  24.2   458   6.233 0.300 35    35    0.000 63.745 12.545 13.313 8.961 11.777
  24.3   458   6.233 0.300 35    35    0.000 63.745 12.545 13.313 8.961 11.777
  24.5   458   6.233 0.300 35    35    0.000 63.745 12.545 13.313 8.961 11.777
  24.6   458   6.233 0.300 35    35    0.000 63.745 12.545 13.313 8.961 11.777
  24.8   458   6.233 0.300 35    35    0.000 63.745 12.545 13.313 8.961 11.777
  25.0   458   6.233 0.300 35    35    0.000 63.745 12.545 13.313 8.961 11.777
  25.1   458   6.233 0.292 35    35    0.000 63.745 12.545 13.313 8.961 11.777
  25.3   458   6.233 0.292 35    35    0.000 63.745 12.545 13.313 8.961 11.777
  25.4   458   6.233 0.292 35    35    0.000 63.745 12.545 13.313 8.961 11.777
  25.6   458   6.233 0.292 34    35    0.000 63.745 12.545 13.313 8.961 11.777
  25.8   458   6.233 0.292 34    35    0.000 63.745 12.545 13.313 8.961 11.777
  25.9   458   6.233 0.292 34    35    0.000 63.745 12.545 13.313 8.961 11.777
  26.1   458   6.233 0.303 34    35    0.000 63.745 12.545 13.313 8.961 11.777
  26.2   458   6.233 0.303 34    35    0.000 63.745 12.545 13.313 8.961 11.777
  26.4   458   6.233 0.303 34    35    0.000 63.745 12.545 13.313 8.961 11.777
  26.6   458   6.233 0.303 35    35    0.000 63.745 12.545 13.313 8.961 11.777
  26.7   458   6.233 0.303 35    35    0.000 63.745 12.545 13.313 8.961 11.777
  26.9   458   6.233 0.303 35    35    0.000 63.745 12.545 13.313 8.961 11.777
  27.0   458   6.233 0.295 35    35    0.000 63.745 12.545 13.313 8.961 11.777
  27.2   458   6.233 0.295 35    35    0.000 63.745 12.545 13.313 8.961 11.777
  27.4   458   6.233 0.295 35    35    0.000 63.745 12.545 13.313 8.961 11.777
  27.5   458   6.233 0.295 34    35    0.000 63.745 12.545 13.313 8.961 11.777
  27.7   458   6.233 0.295 34    35    0.000 63.745 12.545 13.313 8.961 11.777
  27.8   458   6.233 0.295 34    35    0.000 63.745 12.545 13.313 8.961 11.777
  28.0   458   6.233 0.295 34    35    0.000 63.745 12.545 13.313 8.961 11.777
  28.2   458   6.233 0.298 34    35    0.000 63.745 12.545 13.313 8.961 11.777
  28.3   458   6.233 0.298 34    35    0.000 63.745 12.545 13.313 8.961 11.777
  28.5   458   6.233 0.298 34    35    0.000 63.745 12.545 13.313 8.961 11.777
  28.6   458   6.233 0.298 34    35    0.000 63.745 12.545 13.313 8.961 11.777
  28.8   458   6.233 0.298 34    35    0.000 63.745 12.545 13.313 8.961 11.777
  29.0   458   6.233 0.298 34    35    0.000 63.745 12.545 13.313 8.961 11.777
  29.1   458   6.233 0.295 34    35    0.000 63.745 12.545 13.313 8.961 11.777
  29.3   458   6.233 0.295 34    35    0.000 63.745 12.545 13.313 8.961 11.777
  29.4   458   6.233 0.295 34    35    0.000 63.745 12.545 13.313 8.961 11.777
  29.6   458   6.233 0.295 34    35    0.000 63.745 12.545 13.313 8.961 11.777
  29.8   458   6.233 0.295 34    35    0.000 63.745 12.545 13.313 8.961 11.777
  29.9   458   6.233 0.295 34    35    0.000 63.745 12.545 13.313 8.961 11.777
  30.1   458   6.233 0.300 34    35    0.000 63.745 12.545 13.313 8.961 11.777
  30.2   458   6.233 0.300 34    35    0.000 63.745 12.545 13.313 8.961 11.777
  30.4   458   6.233 0.300 34    35    0.000 63.745 12.545 13.313 8.961 11.777
  30.6   458   6.233 0.300 34    35    0.000 63.745 12.545 13.313 8.961 11.777
  30.7   458   6.233 0.300 34    35    0.000 63.745 12.545 13.313 8.961 11.777
  30.9   458   6.233 0.300 34    35    0.000 63.745 12.545 13.313 8.961 11.777
  31.0   459   6.233 0.303 34    35    0.000 63.745 12.545 13.313 8.961 11.777
  31.2   459   6.233 0.303 34    35    0.000 63.745 12.545 13.313 8.961 11.777
  31.4   459   6.233 0.303 34    35    0.000 63.745 12.545 13.313 8.961 11.777
  31.5   459   6.233 0.303 35    35    0.000 63.745 12.545 13.313 8.961 11.777
  31.7   459   6.233 0.303 35    35    0.000 63.745 12.545 13.313 8.961 11.777
  31.8   459   6.233 0.303 35    35    0.000 63.745 12.545 13.313 8.961 11.777
  32.0   459   6.233 0.303 35    35    0.000 63.745 12.545 13.313 8.961 11.777
  32.2   459   6.233 0.303 35    35    0.000 63.745 12.545 13.313 8.961 11.777
  32.3   459   6.233 0.303 35    35    0.000 63.745 12.545 13.313 8.961 11.777
  32.5   459   6.233 0.303 35    35    0.000 63.745 12.545 13.313 8.961 11.777
  32.6   459   6.233 0.303 34    35    0.000 63.745 12.545 13.313 8.961 11.777
  32.8   459   6.233 0.303 34    35    0.000 63.745 12.545 13.313 8.961 11.777
  33.0   459   6.233 0.303 34    35    0.000 63.745 12.545 13.313 8.961 11.777
  33.1   459   6.233 0.298 34    35    0.000 63.745 12.545 13.313 8.961 11.777
  33.3   459   6.233 0.298 34    35    0.000 63.745 12.545 13.313 8.961 11.777
  33.4   459   6.233 0.298 34    35    0.000 63.745 12.545 13.313 8.961 11.777
  33.6   459   6.233 0.298 35    35    0.000 63.745 12.545 13.313 8.961 11.777
  33.8   459   6.233 0.298 35    35    0.000 63.745 12.545 13.313 8.961 11.777
  33.9   459   6.233 0.298 35    35    0.000 63.745 12.545 13.313 8.961 11.777
  34.1   459   6.233 0.300 35    35    0.000 63.745 12.545 13.313 8.961 11.777
  34.2   459   6.233 0.300 35    35    0.000 63.745 12.545 13.313 8.961 11.777
  34.4   459   6.233 0.300 35    35    0.000 63.745 12.545 13.313 8.961 11.777
  34.6   459   6.233 0.300 34    35    0.000 63.745 12.545 13.313 8.961 11.777
  34.7   459   6.233 0.300 34    35    0.000 63.745 12.545 13.313 8.961 11.777
  34.9   459   6.233 0.300 34    35    0.000 63.745 12.545 13.313 8.961 11.777
  35.0   459   6.233 0.303 34    35    0.000 63.745 12.545 13.313 8.961 11.777
  35.2   459   6.233 0.303 34    35    0.000 63.745 12.545 13.313 8.961 11.777
  35.4   459   6.233 0.303 34    35    0.000 63.745 12.545 13.313 8.961 11.777
  35.5   459   6.233 0.303 35    35    0.000 63.745 12.545 13.313 8.961 11.777
  35.7   459   6.233 0.303 35    35    0.000 63.745 12.545 13.313 8.961 11.777
  35.8   459   6.233 0.303 35    35    0.000 63.745 12.545 13.313 8.961 11.777
  36.0   459   6.233 0.303 35    35    0.000 63.745 12.545 13.313 8.961 11.777
  36.2   459   6.233 0.298 35    35    0.000 63.745 12.545 13.313 8.961 11.777
  36.3   459   6.233 0.298 35    35    0.000 63.745 12.545 13.313 8.961 11.777
  36.5   459   6.233 0.298 35    35    0.000 63.745 12.545 13.313 8.961 11.777
  36.6   459   6.233 0.298 35    35    0.000 63.745 12.545 13.313 8.961 11.777
  36.8   459   6.233 0.298 35    35    0.000 63.745 12.545 13.313 8.961 11.777
  37.0   459   6.233 0.298 35    35    0.000 63.745 12.545 13.313 8.961 11.777
  37.1   459   6.233 0.303 35    35    0.000 63.745 12.545 13.313 8.961 11.777
  37.3   459   6.233 0.303 35    35    0.000 63.745 12.545 13.313 8.961 11.777
  37.4   459   6.233 0.303 35    35    0.000 63.745 12.545 13.313 8.961 11.777
  37.6   459   6.233 0.303 35    35    0.000 63.745 12.545 13.313 8.961 11.777
  37.8   459   6.233 0.303 35    35    0.000 63.745 12.545 13.313 8.961 11.777
  37.9   459   6.233 0.303 35    35    0.000 63.745 12.545 13.313 8.961 11.777
  38.1   459   6.233 0.295 35    35    0.000 63.745 12.545 13.313 8.961 11.777
  38.2   459   6.233 0.295 35    35    0.000 63.745 12.545 13.313 8.961 11.777
  38.4   459   6.233 0.295 35    35    0.000 63.745 12.545 13.313 8.961 11.777
  38.6   459   6.233 0.295 34    35    0.000 63.745 12.545 13.313 8.961 11.777
  38.7   459   6.233 0.295 34    35    0.000 63.745 12.545 13.313 8.961 11.777
  38.9   459   6.233 0.295 34    35    0.000 63.745 12.545 13.313 8.961 11.777
  39.0   459   6.233 0.295 34    35    0.000 63.745 12.545 13.313 8.961 11.777
  39.2   459   6.233 0.300 34    35    0.000 63.745 12.545 13.313 8.961 11.777
  39.4   459   6.233 0.300 34    35    0.000 63.745 12.545 13.313 8.961 11.777
  39.5   459   6.233 0.300 35    35    0.000 63.745 12.545 13.313 8.961 11.777
  39.7   459   6.233 0.300 35    35    0.000 63.745 12.545 13.313 8.961 11.777
  39.8   459   6.233 0.300 35    35    0.000 63.745 12.545 13.313 8.961 11.777
  40.0   459   6.233 0.300 35    35    0.000 63.745 12.545 13.313 8.961 11.777
  40.2   459   6.233 0.292 35    35    0.000 63.745 12.545 13.313 8.961 11.777
  40.3   459   6.233 0.292 35    35    0.000 63.745 12.545 13.313 8.961 11.777
  40.5   459   6.233 0.292 35    35    0.000 63.745 12.545 13.313 8.961 11.777
  40.6   459   6.233 0.292 34    35    0.000 63.745 12.545 13.313 8.961 11.777
  40.8   459   6.233 0.292 34    35    0.000 63.745 12.545 13.313 8.961 11.777
  41.0   459   6.233 0.292 34    35    0.000 63.745 12.545 13.313 8.961 11.777
  41.1   459   6.233 0.298 34    35    0.000 63.745 12.545 13.313 8.961 11.777
  41.3   459   6.233 0.298 34    35    0.000 63.745 12.545 13.313 8.961 11.777
  41.4   459   6.233 0.298 34    35    0.000 63.745 12.545 13.313 8.961 11.777
  41.6   459   6.233 0.298 34    35    0.000 63.745 12.545 13.313 8.961 11.777
  41.8   459   6.233 0.298 34    35    0.000 63.745 12.545 13.313 8.961 11.777
  41.9   459   6.233 0.298 34    35    0.000 63.745 12.545 13.313 8.961 11.777
  42.1   459   6.234 0.000 34    35    0.000 63.745 12.545 13.313 8.961 11.777
  42.3   459   6.234 0.000 34    35    0.000 63.745 12.545 13.313 8.961 11.777
  42.4   459   6.234 0.000 34    35    0.000 63.745 12.545 13.313 8.961 11.777
  42.6   459   6.234 0.000 34    35    0.000 63.745 12.545 13.313 8.961 11.777
  42.7   459   6.234 0.000 34    35    0.000 63.745 12.545 13.313 8.961 11.777
  42.9   459   6.234 0.000 34    35    0.000 63.745 12.545 13.313 8.961 11.777
  43.1   459   6.234 0.000 34    35    0.000 63.745 12.545 13.313 8.961 11.777
  43.2   459   6.234 0.000 34    35    0.000 63.745 12.545 13.313 8.961 11.777
  43.4   459   6.234 0.000 34    35    0.000 63.745 12.545 13.313 8.961 11.777
  43.5   459   6.234 0.000 35    35    0.000 63.745 12.545 13.313 8.961 11.777
  43.7   459   6.234 0.000 35    35    0.000 63.745 12.545 13.313 8.961 11.777
  43.9   459   6.234 0.000 35    35    0.000 63.745 12.545 13.313 8.961 11.777
  44.0   459   6.234 0.000 35    35    0.000 63.745 12.545 13.313 8.961 11.777
  44.2   459   6.234 0.295 35    35    0.000 63.745 12.545 13.313 8.961 11.777
  44.3   459   6.234 0.295 35    35    0.000 63.745 12.545 13.313 8.961 11.777
  44.5   459   6.234 0.295 35    35    0.000 63.745 12.545 13.313 8.961 11.777
  44.7   459   6.234 0.295 35    35    0.000 63.745 12.545 13.313 8.961 11.777
  44.8   459   6.234 0.295 35    35    0.000 63.745 12.545 13.313 8.961 11.777
  45.0   459   6.234 0.295 35    35    0.000 63.745 12.545 13.313 8.961 11.777
  45.1   460   6.234 0.300 35    35    0.000 63.745 12.545 13.313 8.961 11.777
  45.3   460   6.234 0.300 35    35    0.000 63.745 12.545 13.313 8.961 11.777
  45.5   460   6.234 0.300 35    35    0.000 63.745 12.545 13.313 8.961 11.777
  45.6   460   6.234 0.300 35    35    0.000 63.745 12.545 13.313 8.961 11.777
  45.8   460   6.234 0.300 35    35    0.000 63.745 12.545 13.313 8.961 11.777
  45.9   460   6.234 0.300 35    35    0.000 63.745 12.545 13.313 8.961 11.777
  46.1   460   6.234 0.303 35    35    0.000 63.745 12.545 13.313 8.961 11.777
  46.3   460   6.234 0.303 35    35    0.000 63.745 12.545 13.313 8.961 11.777
  46.4   460   6.234 0.303 35    35    0.000 63.745 12.545 13.313 8.961 11.777
  46.6   460   6.234 0.303 34    35    0.000 63.745 12.545 13.313 8.961 11.777
  46.7   460   6.234 0.303 34    35    0.000 63.745 12.545 13.313 8.961 11.777
  46.9   460   6.234 0.303 34    35    0.000 63.745 12.545 13.313 8.961 11.777
  47.1   460   6.234 0.303 34    35    0.000 63.745 12.545 13.313 8.961 11.777
  47.2   460   6.234 0.306 34    35    0.000 63.745 12.545 13.313 8.961 11.777
  47.4   460   6.234 0.306 34    35    0.000 63.745 12.545 13.313 8.961 11.777
  47.5   460   6.234 0.306 35    35    0.000 63.745 12.545 13.313 8.961 11.777
  47.7   460   6.234 0.306 35    35    0.000 63.745 12.545 13.313 8.961 11.777
  47.9   460   6.234 0.306 35    35    0.000 63.745 12.545 13.313 8.961 11.777
  48.0   460   6.234 0.306 35    35    0.000 63.745 12.545 13.313 8.961 11.777
  48.2   460   6.234 0.303 35    35    0.000 63.745 12.545 13.313 8.961 11.777
  48.3   460   6.234 0.303 35    35    0.000 63.745 12.545 13.313 8.961 11.777
  48.5   460   6.234 0.303 35    35    0.000 63.745 12.545 13.313 8.961 11.777
  48.7   460   6.234 0.303 34    35    0.000 63.745 12.545 13.313 8.961 11.777
  48.8   460   6.234 0.303 34    35    0.000 63.745 12.545 13.313 8.961 11.777
  49.0   460   6.234 0.303 34    35    0.000 63.745 12.545 13.313 8.961 11.777
  49.1   460   6.234 0.300 34    35    0.000 63.745 12.545 13.313 8.961 11.777
  49.3   460   6.234 0.300 34    35    0.000 63.745 12.545 13.313 8.961 11.777
  49.5   460   6.234 0.300 34    35    0.000 63.745 12.545 13.313 8.961 11.777
  49.6   460   6.234 0.300 35    35    0.000 63.745 12.545 13.313 8.961 11.777
  49.8   460   6.234 0.300 35    35    0.000 63.745 12.545 13.313 8.961 11.777
  49.9   460   6.234 0.300 35    35    0.000 63.745 12.545 13.313 8.961 11.777
  50.1   460   6.234 0.306 35    35    0.000 63.745 12.545 13.313 8.961 11.777
  50.3   460   6.234 0.306 35    35    0.000 63.745 12.545 13.313 8.961 11.777
  50.4   460   6.234 0.306 35    35    0.000 63.745 12.545 13.313 8.961 11.777
  50.6   460   6.234 0.306 34    35    0.000 63.745 12.545 13.313 8.961 11.777
  50.7   460   6.234 0.306 34    35    0.000 63.745 12.545 13.313 8.961 11.777
  50.9   460   6.234 0.306 34    35    0.000 63.745 12.545 13.313 8.961 11.777
  51.1   460   6.234 0.306 34    35    0.000 63.745 12.545 13.313 8.961 11.777
  51.2   460   6.234 0.303 34    35    0.000 63.745 12.545 13.313 8.961 11.777
  51.4   460   6.234 0.303 34    35    0.000 63.745 12.545 13.313 8.961 11.777
  51.5   460   6.234 0.303 35    35    0.000 63.745 12.545 13.313 8.961 11.777
  51.7   460   6.234 0.303 35    35    0.000 63.745 12.545 13.313 8.961 11.777
  51.9   460   6.234 0.303 35    35    0.000 63.745 12.545 13.313 8.961 11.777
  52.0   460   6.234 0.303 35    35    0.000 63.745 12.545 13.313 8.961 11.777
  52.2   460   6.234 0.298 35    35    0.000 63.745 12.545 13.313 8.961 11.777
  52.3   460   6.234 0.298 35    35    0.000 63.745 12.545 13.313 8.961 11.777
  52.5   460   6.234 0.298 35    35    0.000 63.745 12.545 13.313 8.961 11.777
  52.7   460   6.234 0.298 35    35    0.000 63.745 12.545 13.313 8.961 11.777
  52.8   460   6.234 0.298 35    35    0.000 63.745 12.545 13.313 8.961 11.777
  53.0   460   6.234 0.298 35    35    0.000 63.745 12.545 13.313 8.961 11.777
  53.1   460   6.234 0.287 35    35    0.000 63.745 12.545 13.313 8.961 11.777
  53.3   460   6.234 0.287 35    35    0.000 63.745 12.545 13.313 8.961 11.777
  53.5   460   6.234 0.287 35    35    0.000 63.745 12.545 13.313 8.961 11.777
  53.6   460   6.234 0.287 35    35    0.000 63.745 12.545 13.313 8.961 11.777
  53.8   460   6.234 0.287 35    35    0.000 63.745 12.545 13.313 8.961 11.777
  53.9   460   6.234 0.287 35    35    0.000 63.745 12.545 13.313 8.961 11.777
  54.1   460   6.234 0.306 35    35    0.000 63.745 12.545 13.313 8.961 11.777
  54.3   460   6.234 0.306 35    35    0.000 63.745 12.545 13.313 8.961 11.777
  54.4   460   6.234 0.306 35    35    0.000 63.745 12.545 13.313 8.961 11.777
  54.6   460   6.234 0.306 34    35    0.000 63.745 12.545 13.313 8.961 11.777
  54.7   460   6.234 0.306 34    35    0.000 63.745 12.545 13.313 8.961 11.777
  54.9   460   6.234 0.306 34    35    0.000 63.745 12.545 13.313 8.961 11.777
  55.1   460   6.234 0.306 34    35    0.000 63.745 12.545 13.313 8.961 11.777
  55.2   460   6.234 0.300 34    35    0.000 63.745 12.545 13.313 8.961 11.777
  55.4   460   6.234 0.300 34    35    0.000 63.745 12.545 13.313 8.961 11.777
  55.5   460   6.234 0.300 35    35    0.000 63.745 12.545 13.313 8.961 11.777
  55.7   460   6.234 0.300 35    35    0.000 63.745 12.545 13.313 8.961 11.777
  55.9   460   6.234 0.300 35    35    0.000 63.745 12.545 13.313 8.961 11.777
  56.0   460   6.234 0.300 35    35    0.000 63.745 12.545 13.313 8.961 11.777
  56.2   460   6.234 0.306 35    35    0.000 63.745 12.545 13.313 8.961 11.777
  56.3   460   6.234 0.306 35    35    0.000 63.745 12.545 13.313 8.961 11.777
  56.5   460   6.234 0.306 35    35    0.000 63.745 12.545 13.313 8.961 11.777
  56.7   460   6.234 0.306 35    35    0.000 63.745 12.545 13.313 8.961 11.777
  56.8   460   6.234 0.306 35    35    0.000 63.745 12.545 13.313 8.961 11.777
  57.0   460   6.234 0.306 35    35    0.000 63.745 12.545 13.313 8.961 11.777
  57.1   461   6.234 0.295 35    35    0.000 63.745 12.545 13.313 8.961 11.777
  57.3   461   6.234 0.295 35    35    0.000 63.745 12.545 13.313 8.961 11.777
  57.5   461   6.234 0.295 35    35    0.000 63.745 12.545 13.313 8.961 11.777
  57.6   461   6.234 0.295 35    35    0.000 63.745 12.545 13.313 8.961 11.777
  57.8   461   6.234 0.295 35    35    0.000 63.745 12.545 13.313 8.961 11.777
  57.9   461   6.234 0.295 35    35    0.000 63.745 12.545 13.313 8.961 11.777
  58.1   461   6.234 0.295 35    35    0.000 63.745 12.545 13.313 8.961 11.777
  58.3   461   6.234 0.295 35    35    0.000 63.745 12.545 13.313 8.961 11.777
  58.4   461   6.234 0.295 35    35    0.000 63.745 12.545 13.313 8.961 11.777
  58.6   461   6.234 0.295 35    35    0.000 63.745 12.545 13.313 8.961 11.777
  58.7   461   6.234 0.295 35    35    0.000 63.745 12.545 13.313 8.961 11.777
  58.9   461   6.234 0.295 35    35    0.000 63.745 12.545 13.313 8.961 11.777
  59.1   461   6.234 0.295 35    35    0.000 63.745 12.545 13.313 8.961 11.777
  59.2   461   6.234 0.300 35    35    0.000 63.745 12.545 13.313 8.961 11.777
  59.4   461   6.234 0.300 35    35    0.000 63.745 12.545 13.313 8.961 11.777
  59.5   461   6.234 0.300 35    35    0.000 63.745 12.545 13.313 8.961 11.777
  59.7   461   6.234 0.300 35    35    0.000 63.745 12.545 13.313 8.961 11.777
  59.9   461   6.234 0.300 35    35    0.000 63.745 12.545 13.313 8.961 11.777
  60.0   461   6.234 0.300 35    35    0.000 63.745 12.545 13.313 8.961 11.777
  60.2   461   6.234 0.303 35    35    0.000 63.745 12.545 13.313 8.961 11.777
  60.3   461   6.234 0.303 35    35    0.000 63.745 12.545 13.313 8.961 11.777
  60.5   461   6.234 0.303 35    35    0.000 63.745 12.545 13.313 8.961 11.777
  60.7   461   6.234 0.303 35    35    0.000 63.745 12.545 13.313 8.961 11.777
  60.8   461   6.234 0.303 35    35    0.000 63.745 12.545 13.313 8.961 11.777
  61.0   461   6.234 0.303 35    35    0.000 63.745 12.545 13.313 8.961 11.777
  61.1   461   6.234 0.309 35    35    0.000 63.745 12.545 13.313 8.961 11.777
  61.3   461   6.234 0.309 35    35    0.000 63.745 12.545 13.313 8.961 11.777
  61.5   461   6.234 0.309 35    35    0.000 63.745 12.545 13.313 8.961 11.777
  61.6   461   6.234 0.309 35    35    0.000 63.745 12.545 13.313 8.961 11.777
  61.8   461   6.234 0.309 35    35    0.000 63.745 12.545 13.313 8.961 11.777
  61.9   461   6.234 0.309 35    35    0.000 63.745 12.545 13.313 8.961 11.777
  62.1   461   6.234 0.300 35    35    0.000 63.745 12.545 13.313 8.961 11.777
  62.3   461   6.234 0.300 35    35    0.000 63.745 12.545 13.313 8.961 11.777
  62.4   461   6.234 0.300 35    35    0.000 63.745 12.545 13.313 8.961 11.777
  62.6   461   6.234 0.300 34    35    0.000 63.745 12.545 13.313 8.961 11.777
  62.7   461   6.234 0.300 34    35    0.000 63.745 12.545 13.313 8.961 11.777
  62.9   461   6.234 0.300 34    35    0.000 63.745 12.545 13.313 8.961 11.777
  63.1   461   6.234 0.300 34    35    0.000 63.745 12.545 13.313 8.961 11.777
  63.2   461   6.234 0.300 34    35    0.000 63.745 12.545 13.313 8.961 11.777
  63.4   461   6.234 0.300 34    35    0.000 63.745 12.545 13.313 8.961 11.777
  63.5   461   6.234 0.300 34    35    0.000 63.745 12.545 13.313 8.961 11.777
  63.7   461   6.234 0.300 34    35    0.000 63.745 12.545 13.313 8.961 11.777
  63.9   461   6.234 0.300 34    35    0.000 63.745 12.545 13.313 8.961 11.777
  64.0   461   6.234 0.300 34    35    0.000 63.745 12.545 13.313 8.961 11.777
  64.2   461   6.234 0.289 34    35    0.000 63.745 12.545 13.313 8.961 11.777
  64.3   461   6.234 0.289 34    35    0.000 63.745 12.545 13.313 8.961 11.777
  64.5   461   6.234 0.289 34    35    0.000 63.745 12.545 13.313 8.961 11.777
  64.7   461   6.234 0.289 35    35    0.000 63.745 12.545 13.313 8.961 11.777
  64.8   461   6.234 0.289 35    35    0.000 63.745 12.545 13.313 8.961 11.777
  65.0   461   6.234 0.289 35    35    0.000 63.745 12.545 13.313 8.961 11.777
  65.1   461   6.234 0.312 35    35    0.000 63.745 12.545 13.313 8.961 11.777
  65.3   461   6.234 0.312 35    35    0.000 63.745 12.545 13.313 8.961 11.777
  65.5   461   6.234 0.312 35    35    0.000 63.745 12.545 13.313 8.961 11.777
  65.6   461   6.234 0.312 35    35    0.000 63.745 12.545 13.313 8.961 11.777
  65.8   461   6.234 0.312 35    35    0.000 63.745 12.545 13.313 8.961 11.777
  65.9   461   6.234 0.312 35    35    0.000 63.745 12.545 13.313 8.961 11.777
  66.1   461   6.234 0.298 35    35    0.000 63.745 12.545 13.313 8.961 11.777
  66.3   461   6.234 0.298 35    35    0.000 63.745 12.545 13.313 8.961 11.777
  66.4   461   6.234 0.298 35    35    0.000 63.745 12.545 13.313 8.961 11.777
  66.6   461   6.234 0.298 34    35    0.000 63.745 12.545 13.313 8.961 11.777
  66.7   461   6.234 0.298 34    35    0.000 63.745 12.545 13.313 8.961 11.777
  66.9   461   6.234 0.298 34    35    0.000 63.745 12.545 13.313 8.961 11.777
  67.1   461   6.234 0.298 34    35    0.000 63.745 12.545 13.313 8.961 11.777
  67.2   461   6.234 0.292 34    35    0.000 63.745 12.545 13.313 8.961 11.777
  67.4   461   6.234 0.292 34    35    0.000 63.745 12.545 13.313 8.961 11.777
  67.5   461   6.234 0.292 35    35    0.000 63.745 12.545 13.313 8.961 11.777
  67.7   461   6.234 0.292 35    35    0.000 63.745 12.545 13.313 8.961 11.777
  67.9   461   6.234 0.292 35    35    0.000 63.745 12.545 13.313 8.961 11.777
  68.0   461   6.234 0.292 35    35    0.000 63.745 12.545 13.313 8.961 11.777
  68.2   461   6.234 0.295 35    35    0.000 63.745 12.545 13.313 8.961 11.777
  68.3   461   6.234 0.295 35    35    0.000 63.745 12.545 13.313 8.961 11.777
  68.5   461   6.234 0.295 35    35    0.000 63.745 12.545 13.313 8.961 11.777
  68.7   461   6.234 0.295 35    35    0.000 63.745 12.545 13.313 8.961 11.777
  68.8   461   6.234 0.295 35    35    0.000 63.745 12.545 13.313 8.961 11.777
  69.0   461   6.234 0.295 35    35    0.000 63.745 12.545 13.313 8.961 11.777
  69.1   462   6.234 0.300 35    35    0.000 63.745 12.545 13.313 8.961 11.777
  69.3   462   6.234 0.300 35    35    0.000 63.745 12.545 13.313 8.961 11.777
  69.5   462   6.234 0.300 35    35    0.000 63.745 12.545 13.313 8.961 11.777
  69.6   462   6.234 0.300 35    35    0.000 63.745 12.545 13.313 8.961 11.777
  69.8   462   6.234 0.300 35    35    0.000 63.745 12.545 13.313 8.961 11.777
  69.9   462   6.234 0.300 35    35    0.000 63.745 12.545 13.313 8.961 11.777
  70.1   462   6.234 0.300 35    35    0.000 63.745 12.545 13.313 8.961 11.777
  70.3   462   6.234 0.298 35    35    0.000 63.745 12.545 13.313 8.961 11.777
  70.4   462   6.234 0.298 35    35    0.000 63.745 12.545 13.313 8.961 11.777
  70.6   462   6.234 0.298 35    35    0.000 63.745 12.545 13.313 8.961 11.777
  70.7   462   6.234 0.298 35    35    0.000 63.745 12.545 13.313 8.961 11.777
  70.9   462   6.234 0.298 35    35    0.000 63.745 12.545 13.313 8.961 11.777
  71.1   462   6.234 0.298 35    35    0.000 63.745 12.545 13.313 8.961 11.777
  71.2   462   6.234 0.306 35    35    0.000 63.745 12.545 13.313 8.961 11.777
  71.4   462   6.234 0.306 35    35    0.000 63.745 12.545 13.313 8.961 11.777
  71.5   462   6.234 0.306 35    35    0.000 63.745 12.545 13.313 8.961 11.777
  71.7   462   6.234 0.306 35    35    0.000 63.745 12.545 13.313 8.961 11.777
  71.9   462   6.234 0.306 35    35    0.000 63.745 12.545 13.313 8.961 11.777
  72.0   462   6.234 0.306 35    35    0.000 63.745 12.545 13.313 8.961 11.777
  72.2   462   6.232 0.000 35    35    0.000 63.745 12.545 13.313 8.961 11.777
  72.3   462   6.232 0.000 35    35    0.000 63.745 12.545 13.313 8.961 11.777
  72.5   462   6.232 0.000 35    35    0.000 63.745 12.545 13.313 8.961 11.777
  72.7   462   6.232 0.000 35    35    0.000 63.745 12.545 13.313 8.961 11.777
  72.8   462   6.232 0.000 35    35    0.000 63.745 12.545 13.313 8.961 11.777
  73.0   462   6.232 0.000 35    35    0.000 63.745 12.545 13.313 8.961 11.777
  73.1   462   6.232 0.000 35    35    0.000 63.745 12.545 13.313 8.961 11.777
  73.3   462   6.232 0.000 35    35    0.000 63.745 12.545 13.313 8.961 11.777
  73.5   462   6.232 0.000 35    35    0.000 63.745 12.545 13.313 8.961 11.777
  73.6   462   6.232 0.000 35    35    0.000 63.745 12.545 13.313 8.961 11.777
  73.8   462   6.232 0.000 35    35    0.000 63.745 12.545 13.313 8.961 11.777
  73.9   462   6.232 0.000 35    35    0.000 63.745 12.545 13.313 8.961 11.777
  74.1   462   6.232 0.000 35    35    0.000 63.745 12.545 13.313 8.961 11.777
  74.3   462   6.232 0.298 35    35    0.000 63.745 12.545 13.313 8.961 11.777
  74.4   462   6.232 0.298 35    35    0.000 63.745 12.545 13.313 8.961 11.777
  74.6   462   6.232 0.298 34    35    0.000 63.745 12.545 13.313 8.961 11.777
  74.7   462   6.232 0.298 34    35    0.000 63.745 12.545 13.313 8.961 11.777
  74.9   462   6.232 0.298 34    35    0.000 63.745 12.545 13.313 8.961 11.777
  75.1   462   6.232 0.298 34    35    0.000 63.745 12.545 13.313 8.961 11.777
  75.2   462   6.232 0.306 34    35    0.000 63.745 12.545 13.313 8.961 11.777
  75.4   462   6.232 0.306 34    35    0.000 63.745 12.545 13.313 8.961 11.777
  75.5   462   6.232 0.306 35    35    0.000 63.745 12.545 13.313 8.961 11.777
  75.7   462   6.232 0.306 35    35    0.000 63.745 12.545 13.313 8.961 11.777
  75.9   462   6.232 0.306 35    35    0.000 63.745 12.545 13.313 8.961 11.777
  76.0   462   6.232 0.306 35    35    0.000 63.745 12.545 13.313 8.961 11.777
  76.2   462   6.232 0.303 35    35    0.000 63.745 12.545 13.313 8.961 11.777
  76.3   462   6.232 0.303 35    35    0.000 63.745 12.545 13.313 8.961 11.777
  76.5   462   6.232 0.303 35    35    0.000 63.745 12.545 13.313 8.961 11.777
  76.7   462   6.232 0.303 35    35    0.000 63.745 12.545 13.313 8.961 11.777
  76.8   462   6.232 0.303 35    35    0.000 63.745 12.545 13.313 8.961 11.777
  77.0   462   6.232 0.303 35    35    0.000 63.745 12.545 13.313 8.961 11.777
  77.1   462   6.232 0.309 35    35    0.000 63.745 12.545 13.313 8.961 11.777
  77.3   462   6.232 0.309 35    35    0.000 63.745 12.545 13.313 8.961 11.777
  77.5   462   6.232 0.309 35    35    0.000 63.745 12.545 13.313 8.961 11.777
  77.6   462   6.232 0.309 35    35    0.000 63.745 12.545 13.313 8.961 11.777
  77.8   462   6.232 0.309 35    35    0.000 63.745 12.545 13.313 8.961 11.777
  77.9   462   6.232 0.309 35    35    0.000 63.745 12.545 13.313 8.961 11.777
  78.1   462   6.232 0.309 35    35    0.000 63.745 12.545 13.313 8.961 11.777
  78.3   462   6.232 0.300 35    35    0.000 63.745 12.545 13.313 8.961 11.777
  78.4   462   6.232 0.300 35    35    0.000 63.745 12.545 13.313 8.961 11.777
  78.6   462   6.232 0.300 34    35    0.000 63.745 12.545 13.313 8.961 11.777
  78.7   462   6.232 0.300 34    35    0.000 63.745 12.545 13.313 8.961 11.777
  78.9   462   6.232 0.300 34    35    0.000 63.745 12.545 13.313 8.961 11.777
  79.1   462   6.232 0.300 34    35    0.000 63.745 12.545 13.313 8.961 11.777
  79.2   462   6.232 0.295 34    35    0.000 63.745 12.545 13.313 8.961 11.777
  79.4   462   6.232 0.295 34    35    0.000 63.745 12.545 13.313 8.961 11.777
  79.5   462   6.232 0.295 35    35    0.000 63.745 12.545 13.313 8.961 11.777
  79.7   462   6.232 0.295 35    35    0.000 63.745 12.545 13.313 8.961 11.777
  79.9   462   6.232 0.295 35    35    0.000 63.745 12.545 13.313 8.961 11.777
  80.0   462   6.232 0.295 35    35    0.000 63.745 12.545 13.313 8.961 11.777
  80.2   462   6.232 0.303 35    35    0.000 63.745 12.545 13.313 8.961 11.777
  80.3   462   6.232 0.303 35    35    0.000 63.745 12.545 13.313 8.961 11.777
  80.5   462   6.232 0.303 35    35    0.000 63.745 12.545 13.313 8.961 11.777
  80.7   462   6.232 0.303 35    35    0.000 63.745 12.545 13.313 8.961 11.777
  80.8   462   6.232 0.303 35    35    0.000 63.745 12.545 13.313 8.961 11.777
  81.0   462   6.232 0.303 35    35    0.000 63.745 12.545 13.313 8.961 11.777
  81.1   462   6.232 0.298 35    35    0.000 63.745 12.545 13.313 8.961 11.777
  81.3   462   6.232 0.298 35    35    0.000 63.745 12.545 13.313 8.961 11.777
  81.5   462   6.232 0.298 35    35    0.000 63.745 12.545 13.313 8.961 11.777
  81.6   462   6.232 0.298 35    35    0.000 63.745 12.545 13.313 8.961 11.777
  81.8   462   6.232 0.298 35    35    0.000 63.745 12.545 13.313 8.961 11.777
  81.9   462   6.232 0.298 35    35    0.000 63.745 12.545 13.313 8.961 11.777
  82.1   462   6.232 0.298 35    35    0.000 63.745 12.545 13.313 8.961 11.777
  82.3   462   6.232 0.300 35    35    0.000 63.745 12.545 13.313 8.961 11.777
  82.4   462   6.232 0.300 35    35    0.000 63.745 12.545 13.313 8.961 11.777
  82.6   462   6.232 0.300 34    35    0.000 63.745 12.545 13.313 8.961 11.777
  82.7   462   6.232 0.300 34    35    0.000 63.745 12.545 13.313 8.961 11.777
  82.9   462   6.232 0.300 34    35    0.000 63.745 12.545 13.313 8.961 11.777
  83.1   462   6.232 0.300 34    35    0.000 63.745 12.545 13.313 8.961 11.777
  83.2   463   6.232 0.295 34    35    0.000 63.745 12.545 13.313 8.961 11.777
  83.4   463   6.232 0.295 34    35    0.000 63.745 12.545 13.313 8.961 11.777
  83.5   463   6.232 0.295 35    35    0.000 63.745 12.545 13.313 8.961 11.777
  83.7   463   6.232 0.295 35    35    0.000 63.745 12.545 13.313 8.961 11.777
  83.9   463   6.232 0.295 35    35    0.000 63.745 12.545 13.313 8.961 11.777
  84.0   463   6.232 0.295 35    35    0.000 63.745 12.545 13.313 8.961 11.777
  84.2   463   6.232 0.303 35    35    0.000 63.745 12.545 13.313 8.961 11.777
  84.3   463   6.232 0.303 35    35    0.000 63.745 12.545 13.313 8.961 11.777
  84.5   463   6.232 0.303 35    35    0.000 63.745 12.545 13.313 8.961 11.777
  84.7   463   6.232 0.303 35    35    0.000 63.745 12.545 13.313 8.961 11.777
  84.8   463   6.232 0.303 35    35    0.000 63.745 12.545 13.313 8.961 11.777
  85.0   463   6.232 0.303 35    35    0.000 63.745 12.545 13.313 8.961 11.777
  85.1   463   6.232 0.303 35    35    0.000 63.745 12.545 13.313 8.961 11.777
  85.3   463   6.232 0.303 35    35    0.000 63.745 12.545 13.313 8.961 11.777
  85.5   463   6.232 0.303 35    35    0.000 63.745 12.545 13.313 8.961 11.777
  85.6   463   6.232 0.303 35    35    0.000 63.745 12.545 13.313 8.961 11.777
  85.8   463   6.232 0.303 35    35    0.000 63.745 12.545 13.313 8.961 11.777
  85.9   463   6.232 0.303 35    35    0.000 63.745 12.545 13.313 8.961 11.777
  86.1   463   6.232 0.303 35    35    0.000 63.745 12.545 13.313 8.961 11.777
  86.3   463   6.232 0.292 35    35    0.000 63.745 12.545 13.313 8.961 11.777
  86.4   463   6.232 0.292 35    35    0.000 63.745 12.545 13.313 8.961 11.777
  86.6   463   6.232 0.292 35    35    0.000 63.745 12.545 13.313 8.961 11.777
  86.7   463   6.232 0.292 35    35    0.000 63.745 12.545 13.313 8.961 11.777
  86.9   463   6.232 0.292 35    35    0.000 63.745 12.545 13.313 8.961 11.777
  87.1   463   6.232 0.292 35    35    0.000 63.745 12.545 13.313 8.961 11.777
  87.2   463   6.232 0.289 35    35    0.000 63.745 12.545 13.313 8.961 11.777
  87.4   463   6.232 0.289 35    35    0.000 63.745 12.545 13.313 8.961 11.777
  87.5   463   6.232 0.289 35    35    0.000 63.745 12.545 13.313 8.961 11.777
  87.7   463   6.232 0.289 35    35    0.000 63.745 12.545 13.313 8.961 11.777
  87.9   463   6.232 0.289 35    35    0.000 63.745 12.545 13.313 8.961 11.777
  88.0   463   6.232 0.289 35    35    0.000 63.745 12.545 13.313 8.961 11.777
  88.2   463   6.232 0.303 35    35    0.000 63.745 12.545 13.313 8.961 11.777
  88.3   463   6.232 0.303 35    35    0.000 63.745 12.545 13.313 8.961 11.777
  88.5   463   6.232 0.303 35    35    0.000 63.745 12.545 13.313 8.961 11.777
  88.7   463   6.232 0.303 35    35    0.000 63.745 12.545 13.313 8.961 11.777
  88.8   463   6.232 0.303 35    35    0.000 63.745 12.545 13.313 8.961 11.777
  89.0   463   6.232 0.303 35    35    0.000 63.745 12.545 13.313 8.961 11.777
  89.1   463   6.232 0.300 35    35    0.000 63.745 12.545 13.313 8.961 11.777
  89.3   463   6.232 0.300 35    35    0.000 63.745 12.545 13.313 8.961 11.777
  89.5   463   6.232 0.300 35    35    0.000 63.745 12.545 13.313 8.961 11.777
  89.6   463   6.232 0.300 35    35    0.000 63.745 12.545 13.313 8.961 11.777
  89.8   463   6.232 0.300 35    35    0.000 63.745 12.545 13.313 8.961 11.777
  89.9   463   6.232 0.300 35    35    0.000 63.745 12.545 13.313 8.961 11.777
  90.1   463   6.232 0.300 35    35    0.000 63.745 12.545 13.313 8.961 11.777
  90.3   463   6.232 0.303 35    35    0.000 63.745 12.545 13.313 8.961 11.777
  90.4   463   6.232 0.303 35    35    0.000 63.745 12.545 13.313 8.961 11.777
  90.6   463   6.232 0.303 35    35    0.000 63.745 12.545 13.313 8.961 11.777
  90.7   463   6.232 0.303 35    35    0.000 63.745 12.545 13.313 8.961 11.777
  90.9   463   6.232 0.303 35    35    0.000 63.745 12.545 13.313 8.961 11.777
  91.1   463   6.232 0.303 35    35    0.000 63.745 12.545 13.313 8.961 11.777
  91.2   463   6.232 0.309 35    35    0.000 63.745 12.545 13.313 8.961 11.777
  91.4   463   6.232 0.309 35    35    0.000 63.745 12.545 13.313 8.961 11.777
  91.5   463   6.232 0.309 35    35    0.000 63.745 12.545 13.313 8.961 11.777
  91.7   463   6.232 0.309 35    35    0.000 63.745 12.545 13.313 8.961 11.777
  91.9   463   6.232 0.309 35    35    0.000 63.745 12.545 13.313 8.961 11.777
  92.0   463   6.232 0.309 35    35    0.000 63.745 12.545 13.313 8.961 11.777
  92.2   463   6.232 0.300 35    35    0.000 63.745 12.545 13.313 8.961 11.777
  92.3   463   6.232 0.300 35    35    0.000 63.745 12.545 13.313 8.961 11.777
  92.5   463   6.232 0.300 35    35    0.000 63.745 12.545 13.313 8.961 11.777
  92.7   463   6.232 0.300 34    35    0.000 63.745 12.545 13.313 8.961 11.777
  92.8   463   6.232 0.300 34    35    0.000 63.745 12.545 13.313 8.961 11.777
  93.0   463   6.232 0.300 34    35    0.000 63.745 12.545 13.313 8.961 11.777
  93.1   463   6.232 0.300 34    35    0.000 63.745 12.545 13.313 8.961 11.777
  93.3   463   6.232 0.300 34    35    0.000 63.745 12.545 13.313 8.961 11.777
  93.5   463   6.232 0.300 34    35    0.000 63.745 12.545 13.313 8.961 11.777
  93.6   463   6.232 0.300 35    35    0.000 63.745 12.545 13.313 8.961 11.777
  93.8   463   6.232 0.300 35    35    0.000 63.745 12.545 13.313 8.961 11.777
  94.0   463   6.232 0.300 35    35    0.000 63.745 12.545 13.313 8.961 11.777
  94.1   463   6.232 0.300 35    35    0.000 63.745 12.545 13.313 8.961 11.777
  94.3   463   6.232 0.292 35    35    0.000 63.745 12.545 13.313 8.961 11.777
  94.4   463   6.232 0.292 35    35    0.000 63.745 12.545 13.313 8.961 11.777
  94.6   463   6.232 0.292 35    35    0.000 63.745 12.545 13.313 8.961 11.777
  94.8   463   6.232 0.292 35    35    0.000 63.745 12.545 13.313 8.961 11.777
  94.9   463   6.232 0.292 35    35    0.000 63.745 12.545 13.313 8.961 11.777
  95.1   463   6.232 0.292 35    35    0.000 63.745 12.545 13.313 8.961 11.777
  95.2   464   6.232 0.300 35    35    0.000 63.745 12.545 13.313 8.961 11.777
  95.4   464   6.232 0.300 35    35    0.000 63.745 12.545 13.313 8.961 11.777
  95.6   464   6.232 0.300 35    35    0.000 63.745 12.545 13.313 8.961 11.777
  95.7   464   6.232 0.300 35    35    0.000 63.745 12.545 13.313 8.961 11.777
  95.9   464   6.232 0.300 35    35    0.000 63.745 12.545 13.313 8.961 11.777
  96.0   464   6.232 0.300 35    35    0.000 63.745 12.545 13.313 8.961 11.777
  96.2   464   6.232 0.306 35    35    0.000 63.745 12.545 13.313 8.961 11.777
  96.4   464   6.232 0.306 35    35    0.000 63.745 12.545 13.313 8.961 11.777
  96.5   464   6.232 0.306 35    35    0.000 63.745 12.545 13.313 8.961 11.777
  96.7   464   6.232 0.306 35    35    0.000 63.745 12.545 13.313 8.961 11.777
  96.8   464   6.232 0.306 35    35    0.000 63.745 12.545 13.313 8.961 11.777
  97.0   464   6.232 0.306 35    35    0.000 63.745 12.545 13.313 8.961 11.777
  97.2   464   6.232 0.303 35    35    0.000 63.745 12.545 13.313 8.961 11.777
  97.3   464   6.232 0.303 35    35    0.000 63.745 12.545 13.313 8.961 11.777
  97.5   464   6.232 0.303 35    35    0.000 63.745 12.545 13.313 8.961 11.777
  97.6   464   6.232 0.303 35    35    0.000 63.745 12.545 13.313 8.961 11.777
  97.8   464   6.232 0.303 35    35    0.000 63.745 12.545 13.313 8.961 11.777
  98.0   464   6.232 0.303 35    35    0.000 63.745 12.545 13.313 8.961 11.777
  98.1   464   6.232 0.303 35    35    0.000 63.745 12.545 13.313 8.961 11.777
  98.3   464   6.232 0.306 35    35    0.000 63.745 12.545 13.313 8.961 11.777
  98.4   464   6.232 0.306 35    35    0.000 63.745 12.545 13.313 8.961 11.777
  98.6   464   6.232 0.306 35    35    0.000 63.745 12.545 13.313 8.961 11.777
  98.8   464   6.232 0.306 35    35    0.000 63.745 12.545 13.313 8.961 11.777
  98.9   464   6.232 0.306 35    35    0.000 63.745 12.545 13.313 8.961 11.777
  99.1   464   6.232 0.306 35    35    0.000 63.745 12.545 13.313 8.961 11.777
  99.2   464   6.232 0.300 35    35    0.000 63.745 12.545 13.313 8.961 11.777
  99.4   464   6.232 0.300 35    35    0.000 63.745 12.545 13.313 8.961 11.777
  99.6   464   6.232 0.300 35    35    0.000 63.745 12.545 13.313 8.961 11.777
  99.7   464   6.232 0.300 35    35    0.000 63.745 12.545 13.313 8.961 11.777
  99.9   464   6.232 0.300 35    35    0.000 63.745 12.545 13.313 8.961 11.777
  100.0  464   6.232 0.300 35    35    0.000 63.745 12.545 13.313 8.961 11.777
  100.2  464   6.232 0.298 35    35    0.000 63.745 12.545 13.313 8.961 11.777
  100.4  464   6.232 0.298 35    35    0.000 63.745 12.545 13.313 8.961 11.777
  100.5  464   6.232 0.298 35    35    0.000 63.745 12.545 13.313 8.961 11.777
  100.7  464   6.232 0.298 34    35    0.000 63.745 12.545 13.313 8.961 11.777
  100.8  464   6.232 0.298 34    35    0.000 63.745 12.545 13.313 8.961 11.777
  101.0  464   6.232 0.298 34    35    0.000 63.745 12.545 13.313 8.961 11.777
  101.2  464   6.232 0.298 34    35    0.000 63.745 12.545 13.313 8.961 11.777
  101.3  464   6.232 0.298 34    35    0.000 63.745 12.545 13.313 8.961 11.777
  101.5  464   6.232 0.298 34    35    0.000 63.745 12.545 13.313 8.961 11.777
  101.6  464   6.232 0.298 35    35    0.000 63.745 12.545 13.313 8.961 11.777
  101.8  464   6.232 0.298 35    35    0.000 63.745 12.545 13.313 8.961 11.777
  102.0  464   6.232 0.298 35    35    0.000 63.745 12.545 13.313 8.961 11.777
  102.1  464   6.232 0.298 35    35    0.000 63.745 12.545 13.313 8.961 11.777
  102.3  464   6.236 0.000 35    35    0.000 63.745 12.545 13.313 8.961 11.777
  102.4  464   6.236 0.000 35    35    0.000 63.745 12.545 13.313 8.961 11.777
  102.6  464   6.236 0.000 34    35    0.000 63.745 12.545 13.313 8.961 11.777
  102.8  464   6.236 0.000 34    35    0.000 63.745 12.545 13.313 8.961 11.777
  102.9  464   6.236 0.000 34    35    0.000 63.745 12.545 13.313 8.961 11.777
  103.1  464   6.236 0.000 34    35    0.000 63.745 12.545 13.313 8.961 11.777
  103.2  464   6.236 0.000 34    35    0.000 63.745 12.545 13.313 8.961 11.777
  103.4  464   6.236 0.000 34    35    0.000 63.745 12.545 13.313 8.961 11.777
  103.6  464   6.236 0.000 35    35    0.000 63.745 12.545 13.313 8.961 11.777
  103.7  464   6.236 0.000 35    35    0.000 63.745 12.545 13.313 8.961 11.777
  103.9  464   6.236 0.000 35    35    0.000 63.745 12.545 13.313 8.961 11.777
  104.0  464   6.236 0.000 35    35    0.000 63.745 12.545 13.313 8.961 11.777
  104.2  464   6.236 0.298 35    35    0.000 63.745 12.545 13.313 8.961 11.777
  104.4  464   6.236 0.298 35    35    0.000 63.745 12.545 13.313 8.961 11.777
  104.5  464   6.236 0.298 35    35    0.000 63.745 12.545 13.313 8.961 11.777
  104.7  464   6.236 0.298 35    35    0.000 63.745 12.545 13.313 8.961 11.777
  104.8  464   6.236 0.298 35    35    0.000 63.745 12.545 13.313 8.961 11.777
  105.0  464   6.236 0.298 35    35    0.000 63.745 12.545 13.313 8.961 11.777
  105.2  464   6.236 0.298 35    35    0.000 63.745 12.545 13.313 8.961 11.777
  105.3  464   6.236 0.298 35    35    0.000 63.745 12.545 13.313 8.961 11.777
  105.5  464   6.236 0.298 35    35    0.000 63.745 12.545 13.313 8.961 11.777
  105.6  464   6.236 0.298 35    35    0.000 63.745 12.545 13.313 8.961 11.777
  105.8  464   6.236 0.298 35    35    0.000 63.745 12.545 13.313 8.961 11.777
  106.0  464   6.236 0.298 35    35    0.000 63.745 12.545 13.313 8.961 11.777
  106.1  464   6.236 0.298 35    35    0.000 63.745 12.545 13.313 8.961 11.777
  106.3  464   6.236 0.300 35    35    0.000 63.745 12.545 13.313 8.961 11.777
  106.4  464   6.236 0.300 35    35    0.000 63.745 12.545 13.313 8.961 11.777
  106.6  464   6.236 0.300 35    35    0.000 63.745 12.545 13.313 8.961 11.777
  106.8  464   6.236 0.300 35    35    0.000 63.745 12.545 13.313 8.961 11.777
  106.9  464   6.236 0.300 35    35    0.000 63.745 12.545 13.313 8.961 11.777
  107.1  464   6.236 0.300 35    35    0.000 63.745 12.545 13.313 8.961 11.777
  107.2  464   6.236 0.298 35    35    0.000 63.745 12.545 13.313 8.961 11.777
  107.4  464   6.236 0.298 35    35    0.000 63.745 12.545 13.313 8.961 11.777
  107.6  464   6.236 0.298 35    35    0.000 63.745 12.545 13.313 8.961 11.777
  107.7  464   6.236 0.298 35    35    0.000 63.745 12.545 13.313 8.961 11.777
  107.9  464   6.236 0.298 35    35    0.000 63.745 12.545 13.313 8.961 11.777
  108.0  464   6.236 0.298 35    35    0.000 63.745 12.545 13.313 8.961 11.777
  108.2  464   6.236 0.289 35    35    0.000 63.745 12.545 13.313 8.961 11.777
  108.4  464   6.236 0.289 35    35    0.000 63.745 12.545 13.313 8.961 11.777
  108.5  464   6.236 0.289 35    35    0.000 63.745 12.545 13.313 8.961 11.777
  108.7  464   6.236 0.289 35    35    0.000 63.745 12.545 13.313 8.961 11.777
  108.8  464   6.236 0.289 35    35    0.000 63.745 12.545 13.313 8.961 11.777
  109.0  464   6.236 0.289 35    35    0.000 63.745 12.545 13.313 8.961 11.777
